<?xml version="1.0" encoding="UTF-8"?>
<testsuite name="ua.stqa.pft.sandbox.SquareTests" tests="1" skipped="0" failures="0" errors="0" timestamp="2018-10-31T12:59:55" hostname="shemiakin" time="0.001">
  <properties/>
  <testcase name="testArea" classname="ua.stqa.pft.sandbox.SquareTests" time="0.001"/>
  <system-out><![CDATA[]]></system-out>
  <system-err><![CDATA[]]></system-err>
</testsuite>
