<?xml version="1.0" encoding="UTF-8"?>
<testsuite name="ua.stqa.pft.sandbox.EquationTests" tests="6" skipped="0" failures="0" errors="0" timestamp="2018-10-31T12:59:50" hostname="shemiakin" time="0.013">
  <properties/>
  <testcase name="test0" classname="ua.stqa.pft.sandbox.EquationTests" time="0.008"/>
  <testcase name="test1" classname="ua.stqa.pft.sandbox.EquationTests" time="0.0"/>
  <testcase name="test2" classname="ua.stqa.pft.sandbox.EquationTests" time="0.001"/>
  <testcase name="testConstant" classname="ua.stqa.pft.sandbox.EquationTests" time="0.001"/>
  <testcase name="testLinear" classname="ua.stqa.pft.sandbox.EquationTests" time="0.0"/>
  <testcase name="testNull" classname="ua.stqa.pft.sandbox.EquationTests" time="0.001"/>
  <system-out><![CDATA[]]></system-out>
  <system-err><![CDATA[]]></system-err>
</testsuite>
