<?xml version="1.0" encoding="UTF-8"?>
<testsuite name="ua.stqa.pft.addressbook_g.Tests.Group.GroupModificationTests" tests="1" skipped="0" failures="0" errors="0" timestamp="2018-11-01T09:31:37" hostname="shemiakin" time="0.733">
  <properties/>
  <testcase name="testGroupModification" classname="ua.stqa.pft.addressbook_g.Tests.Group.GroupModificationTests" time="0.733"/>
  <system-out><![CDATA[Hibernate: select groupdata0_.group_id as group_id1_0_, groupdata0_.group_footer as group_fo2_0_, groupdata0_.group_header as group_he3_0_, groupdata0_.group_name as group_na4_0_ from group_list groupdata0_
GroupData{id=106, name='test1', header='header1', footer='footer1'}
GroupData{id=107, name='test2', header='header2', footer='footer2'}
GroupData{id=110, name='test4-4', header='test5', footer='footer2'}
GroupData{id=114, name='test0', header='header0', footer='footer0'}
GroupData{id=118, name='test4-4', header='test5', footer='footer1'}
Hibernate: select groupdata0_.group_id as group_id1_0_, groupdata0_.group_footer as group_fo2_0_, groupdata0_.group_header as group_he3_0_, groupdata0_.group_name as group_na4_0_ from group_list groupdata0_
GroupData{id=106, name='test1', header='header1', footer='footer1'}
GroupData{id=107, name='test2', header='header2', footer='footer2'}
GroupData{id=110, name='test4-4', header='test5', footer='footer2'}
GroupData{id=114, name='test0', header='header0', footer='footer0'}
GroupData{id=118, name='test4-4', header='test5', footer='footer1'}
Hibernate: select groupdata0_.group_id as group_id1_0_, groupdata0_.group_footer as group_fo2_0_, groupdata0_.group_header as group_he3_0_, groupdata0_.group_name as group_na4_0_ from group_list groupdata0_
GroupData{id=106, name='test1', header='header1', footer='footer1'}
GroupData{id=107, name='test2', header='header2', footer='footer2'}
GroupData{id=110, name='test4-4', header='test5', footer='footer2'}
GroupData{id=114, name='test0', header='header0', footer='footer0'}
GroupData{id=118, name='test4-4', header='test5', footer='footer1'}
]]></system-out>
  <system-err><![CDATA[]]></system-err>
</testsuite>
