<?xml version="1.0" encoding="UTF-8"?>
<testsuite name="ua.stqa.pft.addressbook_g.Tests.DBConnectionTest" tests="1" skipped="0" failures="0" errors="0" timestamp="2018-11-01T09:15:20" hostname="shemiakin" time="0.011">
  <properties/>
  <testcase name="testDBConnection" classname="ua.stqa.pft.addressbook_g.Tests.DBConnectionTest" time="0.011"/>
  <system-out><![CDATA[[GroupData{id=119, name='test2', header='header2', footer='footer2'}, GroupData{id=112, name='test1', header='header1', footer='footer1'}, GroupData{id=113, name='test4-4', header='test5', footer='footer2'}, GroupData{id=115, name='test1', header='header1', footer='footer1'}, GroupData{id=116, name='test2', header='header2', footer='footer2'}, GroupData{id=110, name='test4-4', header='test5', footer='footer2'}, GroupData{id=114, name='test0', header='header0', footer='footer0'}, GroupData{id=106, name='test1', header='header1', footer='footer1'}, GroupData{id=107, name='test2', header='header2', footer='footer2'}, GroupData{id=118, name='test4-4', header='test5', footer='footer1'}]
]]></system-out>
  <system-err><![CDATA[]]></system-err>
</testsuite>
