<?xml version="1.0" encoding="UTF-8"?>
<testsuite name="ua.stqa.pft.mantis.Tests.PasswordChangingTests" tests="1" skipped="0" failures="0" errors="0" timestamp="2018-10-31T16:52:03" hostname="shemiakin" time="13.324">
  <properties/>
  <testcase name="testPasswordChanging" classname="ua.stqa.pft.mantis.Tests.PasswordChangingTests" time="13.324"/>
  <system-out><![CDATA[Hibernate: select userdata0_.id as id1_0_, userdata0_.email as email2_0_, userdata0_.password as password3_0_, userdata0_.username as username4_0_ from mantis_user_table userdata0_
UserData{id=1, username='administrator', email='root@localhost', password='63a9f0ea7bb98050796b649e85481845'}
UserData{id=10, username='user1', email='user1@localhost.localdomain', password='c2a08a25947dd130b0c9425957218c6e'}
UserData{id=23, username='user11540823401150', email='user11540823401150@localhost.localdomain', password='5f4dcc3b5aa765d61d8327deb882cf99'}
UserData{id=24, username='user11540826396685', email='user11540826396685@localhost.localdomain', password='d9aaa1f11036ffa44e211c29b9ba9e5e'}
UserData{id=25, username='user11540826457350', email='user11540826457350@localhost.localdomain', password='fd0c0737a7b070a0b33d9e69e7e9b5e7'}
UserData{id=26, username='user11540826516001', email='user11540826516001@localhost.localdomain', password='5f4dcc3b5aa765d61d8327deb882cf99'}
UserData{id=27, username='user11541004686926', email='user11541004686926@localhost.localdomain', password='5f4dcc3b5aa765d61d8327deb882cf99'}
]]></system-out>
  <system-err><![CDATA[SLF4J: Failed to load class "org.slf4j.impl.StaticLoggerBinder".
SLF4J: Defaulting to no-operation (NOP) logger implementation
SLF4J: See http://www.slf4j.org/codes.html#StaticLoggerBinder for further details.
SLF4J: Failed to load class "org.slf4j.impl.StaticMDCBinder".
SLF4J: Defaulting to no-operation MDCAdapter implementation.
SLF4J: See http://www.slf4j.org/codes.html#no_static_mdc_binder for further details.
Oct 31, 2018 6:52:03 PM org.hibernate.Version logVersion
INFO: HHH000412: Hibernate Core {5.3.7.Final}
Oct 31, 2018 6:52:03 PM org.hibernate.cfg.Environment <clinit>
INFO: HHH000206: hibernate.properties not found
Oct 31, 2018 6:52:04 PM org.hibernate.annotations.common.reflection.java.JavaReflectionManager <clinit>
INFO: HCANN000001: Hibernate Commons Annotations {5.0.4.Final}
Oct 31, 2018 6:52:04 PM org.hibernate.engine.jdbc.connections.internal.DriverManagerConnectionProviderImpl configure
WARN: HHH10001002: Using Hibernate built-in connection pool (not for production use!)
Loading class `com.mysql.jdbc.Driver'. This is deprecated. The new driver class is `com.mysql.cj.jdbc.Driver'. The driver is automatically registered via the SPI and manual loading of the driver class is generally unnecessary.
Oct 31, 2018 6:52:04 PM org.hibernate.engine.jdbc.connections.internal.DriverManagerConnectionProviderImpl buildCreator
INFO: HHH10001005: using driver [com.mysql.jdbc.Driver] at URL [jdbc:mysql://localhost:3306/bugtracker]
Oct 31, 2018 6:52:04 PM org.hibernate.engine.jdbc.connections.internal.DriverManagerConnectionProviderImpl buildCreator
INFO: HHH10001001: Connection properties: {user=root, password=****}
Oct 31, 2018 6:52:04 PM org.hibernate.engine.jdbc.connections.internal.DriverManagerConnectionProviderImpl buildCreator
INFO: HHH10001003: Autocommit mode: false
Oct 31, 2018 6:52:04 PM org.hibernate.engine.jdbc.connections.internal.DriverManagerConnectionProviderImpl$PooledConnections <init>
INFO: HHH000115: Hibernate connection pool size: 1 (min=1)
Oct 31, 2018 6:52:04 PM org.hibernate.dialect.Dialect <init>
INFO: HHH000400: Using dialect: org.hibernate.dialect.MySQLDialect
Oct 31, 2018 6:52:05 PM org.hibernate.resource.transaction.backend.jdbc.internal.DdlTransactionIsolatorNonJtaImpl getIsolatedConnection
INFO: HHH10001501: Connection obtained from JdbcConnectionAccess [org.hibernate.engine.jdbc.env.internal.JdbcEnvironmentInitiator$ConnectionProviderJdbcConnectionAccess@4199d025] for (non-JTA) DDL execution was not in auto-commit mode; the Connection 'local transaction' will be committed and the Connection will be set into auto-commit mode.
Oct 31, 2018 6:52:06 PM org.hibernate.hql.internal.QueryTranslatorFactoryInitiator initiateService
INFO: HHH000397: Using ASTQueryTranslatorFactory
Starting ChromeDriver 2.43.600210 (68dcf5eebde37173d4027fa8635e332711d2874a) on port 39988
Only local connections are allowed.
Oct 31, 2018 6:52:09 PM org.openqa.selenium.remote.ProtocolHandshake createSession
INFO: Detected dialect: OSS
]]></system-err>
</testsuite>
