<?xml version="1.0" encoding="UTF-8"?>
<testsuite name="ua.stqa.pft.addressbook.Tests.Group.GroupModificationTests" tests="1" skipped="1" failures="0" errors="0" timestamp="2018-11-01T18:03:08" hostname="shemiakin" time="0.0">
  <properties/>
  <testcase name="testGroupModification" classname="ua.stqa.pft.addressbook.Tests.Group.GroupModificationTests" time="0.0">
    <skipped/>
  </testcase>
  <system-out><![CDATA[]]></system-out>
  <system-err><![CDATA[]]></system-err>
</testsuite>
