<?xml version="1.0" encoding="UTF-8"?>
<testsuite name="ua.stqa.pft.addressbook.Tests.Contact.ContactDeletionTests" tests="1" skipped="0" failures="0" errors="0" timestamp="2018-10-31T17:04:52" hostname="shemiakin" time="1.52">
  <properties/>
  <testcase name="testContactDeletion" classname="ua.stqa.pft.addressbook.Tests.Contact.ContactDeletionTests" time="1.52"/>
  <system-out><![CDATA[Hibernate: select contactdat0_.id as id1_1_, contactdat0_.address as address2_1_, contactdat0_.email as email3_1_, contactdat0_.email2 as email4_1_, contactdat0_.email3 as email5_1_, contactdat0_.firstname as firstnam6_1_, contactdat0_.home as home7_1_, contactdat0_.lastname as lastname8_1_, contactdat0_.mobile as mobile9_1_, contactdat0_.photo as photo10_1_, contactdat0_.work as work11_1_ from addressbook contactdat0_ where deprecated='0000-00-00'
Hibernate: select groups0_.id as id1_0_0_, groups0_.group_id as group_id2_0_0_, groupdata1_.group_id as group_id1_2_1_, groupdata1_.group_footer as group_fo2_2_1_, groupdata1_.group_header as group_he3_2_1_, groupdata1_.group_name as group_na4_2_1_ from address_in_groups groups0_ inner join group_list groupdata1_ on groups0_.group_id=groupdata1_.group_id where groups0_.id=?
Hibernate: select contacts0_.group_id as group_id2_0_0_, contacts0_.id as id1_0_0_, contactdat1_.id as id1_1_1_, contactdat1_.address as address2_1_1_, contactdat1_.email as email3_1_1_, contactdat1_.email2 as email4_1_1_, contactdat1_.email3 as email5_1_1_, contactdat1_.firstname as firstnam6_1_1_, contactdat1_.home as home7_1_1_, contactdat1_.lastname as lastname8_1_1_, contactdat1_.mobile as mobile9_1_1_, contactdat1_.photo as photo10_1_1_, contactdat1_.work as work11_1_1_ from address_in_groups contacts0_ inner join addressbook contactdat1_ on contacts0_.id=contactdat1_.id where contacts0_.group_id=?
Hibernate: select groups0_.id as id1_0_0_, groups0_.group_id as group_id2_0_0_, groupdata1_.group_id as group_id1_2_1_, groupdata1_.group_footer as group_fo2_2_1_, groupdata1_.group_header as group_he3_2_1_, groupdata1_.group_name as group_na4_2_1_ from address_in_groups groups0_ inner join group_list groupdata1_ on groups0_.group_id=groupdata1_.group_id where groups0_.id=?
Hibernate: select groups0_.id as id1_0_0_, groups0_.group_id as group_id2_0_0_, groupdata1_.group_id as group_id1_2_1_, groupdata1_.group_footer as group_fo2_2_1_, groupdata1_.group_header as group_he3_2_1_, groupdata1_.group_name as group_na4_2_1_ from address_in_groups groups0_ inner join group_list groupdata1_ on groups0_.group_id=groupdata1_.group_id where groups0_.id=?
Hibernate: select groups0_.id as id1_0_0_, groups0_.group_id as group_id2_0_0_, groupdata1_.group_id as group_id1_2_1_, groupdata1_.group_footer as group_fo2_2_1_, groupdata1_.group_header as group_he3_2_1_, groupdata1_.group_name as group_na4_2_1_ from address_in_groups groups0_ inner join group_list groupdata1_ on groups0_.group_id=groupdata1_.group_id where groups0_.id=?
ContactData{id=388, firstname='test_c11', middlename='null', lastname='test_c21', nickname='null', title='null', company='null', address='someadrress1', home='111_1', mobile='333_1', work='222_1', fax='null', email='email_1', email2='email2_1', email3='email3_1', homepage='null', address2='null', phone2='null', notes='null', allPhones='null', allEmails='null', photo='PHOTO;ENCODING=BASE64;TYPE=JPEG:/9j/4AAQSkZJRgABAQAAAQABAAD//gA7Q1JFQVRPUjogZ2QtanBlZyB2MS4wICh1c2luZyBJSkcgSlBFRyB2OTApLCBxdWFsaXR5ID0gNzUK/9sAQwAIBgYHBgUIBwcHCQkICgwUDQwLCwwZEhMPFB0aHx4dGhwcICQuJyAiLCMcHCg3KSwwMTQ0NB8nOT04MjwuMzQy/9sAQwEJCQkMCwwYDQ0YMiEcITIyMjIyMjIyMjIyMjIyMjIyMjIyMjIyMjIyMjIyMjIyMjIyMjIyMjIyMjIyMjIyMjIy/8AAEQgAlgCWAwEiAAIRAQMRAf/EAB8AAAEFAQEBAQEBAAAAAAAAAAABAgMEBQYHCAkKC//EALUQAAIBAwMCBAMFBQQEAAABfQECAwAEEQUSITFBBhNRYQcicRQygZGhCCNCscEVUtHwJDNicoIJChYXGBkaJSYnKCkqNDU2Nzg5OkNERUZHSElKU1RVVldYWVpjZGVmZ2hpanN0dXZ3eHl6g4SFhoeIiYqSk5SVlpeYmZqio6Slpqeoqaqys7S1tre4ubrCw8TFxsfIycrS09TV1tfY2drh4uPk5ebn6Onq8fLz9PX29/j5+v/EAB8BAAMBAQEBAQEBAQEAAAAAAAABAgMEBQYHCAkKC//EALURAAIBAgQEAwQHBQQEAAECdwABAgMRBAUhMQYSQVEHYXETIjKBCBRCkaGxwQkjM1LwFWJy0QoWJDThJfEXGBkaJicoKSo1Njc4OTpDREVGR0hJSlNUVVZXWFlaY2RlZmdoaWpzdHV2d3h5eoKDhIWGh4iJipKTlJWWl5iZmqKjpKWmp6ipqrKztLW2t7i5usLDxMXGx8jJytLT1NXW19jZ2uLj5OXm5+jp6vLz9PX29/j5+v/aAAwDAQACEQMRAD8A+f6KKKACiiigAoopQCTgAk+goASirUdjK/LYQe/WrC2ES/eLN+OKAM2itcW0A6Rr+PNL5EP/ADyT8qAMeitY2sDf8swPpxUT6eh+45H15oAzqKnktJY+du4eq1BQAUUUUAFFFFABRRRQAUUUUAFFFW7S08zEkg+XsPWgBlvavNyflT19a0YoUhGEXHv3p444HSlpAJRS0UAJRS0UAJRS0UAJUE1pHNzja3qKsUUAY0sLwthx9D2NR1tuiyIVYZBrKuLdoH9VPQ0wIaKKKACiiigAoopQCSAOpoAntbfzpMn7i9fetTGBgUyGIQxBB+J96kpAJRilooASjFLRQAmKMUtFACYoxS0UAJijFLRQAmKbJGsqFG6Gn0lAGNLG0UhRuo/WmVpX0O+LePvL/Ks2mAUUUUAFWrGPfPuPRRn8aq1pWC7YC3djQBbxRikopALRikooAWjFJRQAYoxS0lABijFLSUAGKMUUUALikxS0lAARkYPSsaVPLlZPQ1s1naguJVb1FAFSiiimAVr2wxbR/TNZFbEH/HvH/uigCWikopARTytGBsjZ2PoOKrreSvnbDux6Zq7VPT/uSfWgC2vKgkYJHIqvcXLRTCNU3EjNWaoXeftiYbadv3j260ATRTzPIFaEqp6nBq1iqtvuEh33CyZHABqzQBUa7dnZYYiwXqamt5xOhOMMOoqoEVpXMEpjburcVPaTNJvV8Er3HegCWZ2jj3Ihc56VW+2S79nk/N6c5q7VNv8AkKL9P6UAWo9xQFwAx7DtT6SigBapaiP3aH3xVyqmof6hf97+lAGdRRRTAK1rQ7rVPpismtDT3zEyehzQBdopKKQC1HFCkIIQHn1p9FAC1DLbRzNucHOMdalooAhjtIo3DqDke9T0lFAEMlpFK24gg98GpI4kiXCDFOooAWo/JQzCXB3D3p9FAC0UlFAC1R1E/LGvqSau1mXz7rjb/dGKAK1FFFMAqe0k8u4GejcGoKKAN2iq9rN50QyfmXg1PSAWikooAWikooAWikooAWikooAWikooAWikooAR2CIWPQDNYrsXcsepOau383SJT7tVGmAUUUUAFFFFAEkMrQyBx+I9a10kWRAynINYlTW9w0DccqeooA16KZHIsq7kORTqQC0UlFAC0UlFAC0UlFAC0UlFAC1DcTiCPPVj0FJPcLAvPLdhWXJI0rlmOSaAEJLMSTknrSUUUwCiiigAooooAKKKKAHxyvE25Dg/zq/DfI/D/I36Vm0UAbgIIyORS1ipLJH9xyKsLqEg+8qt+lIDSoqkNQTujD6Uv9oRf3X/ACFAFyiqJ1Efwxk/U1C99K33cL9BQBpM6ouWYAe9U5r/AKrEP+BGqLOznLMSfc0lMBSSxJJJJ7mkoooAKKKKACiiigAooooAKKKKACiiigAooooAKKKKACiiigAooooAKKKKACiiigAooooA/9k='}
ContactData{id=390, firstname='test_c10', middlename='null', lastname='test_c20', nickname='null', title='null', company='null', address='someadrress0', home='111_0', mobile='333_0', work='222_0', fax='null', email='email_0', email2='email2_0', email3='email3_0', homepage='null', address2='null', phone2='null', notes='null', allPhones='null', allEmails='null', photo='PHOTO;ENCODING=BASE64;TYPE=JPEG:/9j/4AAQSkZJRgABAQAAAQABAAD//gA7Q1JFQVRPUjogZ2QtanBlZyB2MS4wICh1c2luZyBJSkcgSlBFRyB2OTApLCBxdWFsaXR5ID0gNzUK/9sAQwAIBgYHBgUIBwcHCQkICgwUDQwLCwwZEhMPFB0aHx4dGhwcICQuJyAiLCMcHCg3KSwwMTQ0NB8nOT04MjwuMzQy/9sAQwEJCQkMCwwYDQ0YMiEcITIyMjIyMjIyMjIyMjIyMjIyMjIyMjIyMjIyMjIyMjIyMjIyMjIyMjIyMjIyMjIyMjIy/8AAEQgAlgCWAwEiAAIRAQMRAf/EAB8AAAEFAQEBAQEBAAAAAAAAAAABAgMEBQYHCAkKC//EALUQAAIBAwMCBAMFBQQEAAABfQECAwAEEQUSITFBBhNRYQcicRQygZGhCCNCscEVUtHwJDNicoIJChYXGBkaJSYnKCkqNDU2Nzg5OkNERUZHSElKU1RVVldYWVpjZGVmZ2hpanN0dXZ3eHl6g4SFhoeIiYqSk5SVlpeYmZqio6Slpqeoqaqys7S1tre4ubrCw8TFxsfIycrS09TV1tfY2drh4uPk5ebn6Onq8fLz9PX29/j5+v/EAB8BAAMBAQEBAQEBAQEAAAAAAAABAgMEBQYHCAkKC//EALURAAIBAgQEAwQHBQQEAAECdwABAgMRBAUhMQYSQVEHYXETIjKBCBRCkaGxwQkjM1LwFWJy0QoWJDThJfEXGBkaJicoKSo1Njc4OTpDREVGR0hJSlNUVVZXWFlaY2RlZmdoaWpzdHV2d3h5eoKDhIWGh4iJipKTlJWWl5iZmqKjpKWmp6ipqrKztLW2t7i5usLDxMXGx8jJytLT1NXW19jZ2uLj5OXm5+jp6vLz9PX29/j5+v/aAAwDAQACEQMRAD8A+f6KKKACiiigAoopQCTgAk+goASirUdjK/LYQe/WrC2ES/eLN+OKAM2itcW0A6Rr+PNL5EP/ADyT8qAMeitY2sDf8swPpxUT6eh+45H15oAzqKnktJY+du4eq1BQAUUUUAFFFFABRRRQAUUUUAFFFW7S08zEkg+XsPWgBlvavNyflT19a0YoUhGEXHv3p444HSlpAJRS0UAJRS0UAJRS0UAJUE1pHNzja3qKsUUAY0sLwthx9D2NR1tuiyIVYZBrKuLdoH9VPQ0wIaKKKACiiigAoopQCSAOpoAntbfzpMn7i9fetTGBgUyGIQxBB+J96kpAJRilooASjFLRQAmKMUtFACYoxS0UAJijFLRQAmKbJGsqFG6Gn0lAGNLG0UhRuo/WmVpX0O+LePvL/Ks2mAUUUUAFWrGPfPuPRRn8aq1pWC7YC3djQBbxRikopALRikooAWjFJRQAYoxS0lABijFLSUAGKMUUUALikxS0lAARkYPSsaVPLlZPQ1s1naguJVb1FAFSiiimAVr2wxbR/TNZFbEH/HvH/uigCWikopARTytGBsjZ2PoOKrreSvnbDux6Zq7VPT/uSfWgC2vKgkYJHIqvcXLRTCNU3EjNWaoXeftiYbadv3j260ATRTzPIFaEqp6nBq1iqtvuEh33CyZHABqzQBUa7dnZYYiwXqamt5xOhOMMOoqoEVpXMEpjburcVPaTNJvV8Er3HegCWZ2jj3Ihc56VW+2S79nk/N6c5q7VNv8AkKL9P6UAWo9xQFwAx7DtT6SigBapaiP3aH3xVyqmof6hf97+lAGdRRRTAK1rQ7rVPpismtDT3zEyehzQBdopKKQC1HFCkIIQHn1p9FAC1DLbRzNucHOMdalooAhjtIo3DqDke9T0lFAEMlpFK24gg98GpI4kiXCDFOooAWo/JQzCXB3D3p9FAC0UlFAC1R1E/LGvqSau1mXz7rjb/dGKAK1FFFMAqe0k8u4GejcGoKKAN2iq9rN50QyfmXg1PSAWikooAWikooAWikooAWikooAWikooAWikooAR2CIWPQDNYrsXcsepOau383SJT7tVGmAUUUUAFFFFAEkMrQyBx+I9a10kWRAynINYlTW9w0DccqeooA16KZHIsq7kORTqQC0UlFAC0UlFAC0UlFAC0UlFAC1DcTiCPPVj0FJPcLAvPLdhWXJI0rlmOSaAEJLMSTknrSUUUwCiiigAooooAKKKKAHxyvE25Dg/zq/DfI/D/I36Vm0UAbgIIyORS1ipLJH9xyKsLqEg+8qt+lIDSoqkNQTujD6Uv9oRf3X/ACFAFyiqJ1Efwxk/U1C99K33cL9BQBpM6ouWYAe9U5r/AKrEP+BGqLOznLMSfc0lMBSSxJJJJ7mkoooAKKKKACiiigAooooAKKKKACiiigAooooAKKKKACiiigAooooAKKKKACiiigAooooA/9k='}
ContactData{id=391, firstname='test_c11', middlename='null', lastname='test_c21', nickname='null', title='null', company='null', address='someadrress1', home='111_1', mobile='333_1', work='222_1', fax='null', email='email_1', email2='email2_1', email3='email3_1', homepage='null', address2='null', phone2='null', notes='null', allPhones='null', allEmails='null', photo='PHOTO;ENCODING=BASE64;TYPE=JPEG:/9j/4AAQSkZJRgABAQAAAQABAAD//gA7Q1JFQVRPUjogZ2QtanBlZyB2MS4wICh1c2luZyBJSkcgSlBFRyB2OTApLCBxdWFsaXR5ID0gNzUK/9sAQwAIBgYHBgUIBwcHCQkICgwUDQwLCwwZEhMPFB0aHx4dGhwcICQuJyAiLCMcHCg3KSwwMTQ0NB8nOT04MjwuMzQy/9sAQwEJCQkMCwwYDQ0YMiEcITIyMjIyMjIyMjIyMjIyMjIyMjIyMjIyMjIyMjIyMjIyMjIyMjIyMjIyMjIyMjIyMjIy/8AAEQgAlgCWAwEiAAIRAQMRAf/EAB8AAAEFAQEBAQEBAAAAAAAAAAABAgMEBQYHCAkKC//EALUQAAIBAwMCBAMFBQQEAAABfQECAwAEEQUSITFBBhNRYQcicRQygZGhCCNCscEVUtHwJDNicoIJChYXGBkaJSYnKCkqNDU2Nzg5OkNERUZHSElKU1RVVldYWVpjZGVmZ2hpanN0dXZ3eHl6g4SFhoeIiYqSk5SVlpeYmZqio6Slpqeoqaqys7S1tre4ubrCw8TFxsfIycrS09TV1tfY2drh4uPk5ebn6Onq8fLz9PX29/j5+v/EAB8BAAMBAQEBAQEBAQEAAAAAAAABAgMEBQYHCAkKC//EALURAAIBAgQEAwQHBQQEAAECdwABAgMRBAUhMQYSQVEHYXETIjKBCBRCkaGxwQkjM1LwFWJy0QoWJDThJfEXGBkaJicoKSo1Njc4OTpDREVGR0hJSlNUVVZXWFlaY2RlZmdoaWpzdHV2d3h5eoKDhIWGh4iJipKTlJWWl5iZmqKjpKWmp6ipqrKztLW2t7i5usLDxMXGx8jJytLT1NXW19jZ2uLj5OXm5+jp6vLz9PX29/j5+v/aAAwDAQACEQMRAD8A+f6KKKACiiigAoopQCTgAk+goASirUdjK/LYQe/WrC2ES/eLN+OKAM2itcW0A6Rr+PNL5EP/ADyT8qAMeitY2sDf8swPpxUT6eh+45H15oAzqKnktJY+du4eq1BQAUUUUAFFFFABRRRQAUUUUAFFFW7S08zEkg+XsPWgBlvavNyflT19a0YoUhGEXHv3p444HSlpAJRS0UAJRS0UAJRS0UAJUE1pHNzja3qKsUUAY0sLwthx9D2NR1tuiyIVYZBrKuLdoH9VPQ0wIaKKKACiiigAoopQCSAOpoAntbfzpMn7i9fetTGBgUyGIQxBB+J96kpAJRilooASjFLRQAmKMUtFACYoxS0UAJijFLRQAmKbJGsqFG6Gn0lAGNLG0UhRuo/WmVpX0O+LePvL/Ks2mAUUUUAFWrGPfPuPRRn8aq1pWC7YC3djQBbxRikopALRikooAWjFJRQAYoxS0lABijFLSUAGKMUUUALikxS0lAARkYPSsaVPLlZPQ1s1naguJVb1FAFSiiimAVr2wxbR/TNZFbEH/HvH/uigCWikopARTytGBsjZ2PoOKrreSvnbDux6Zq7VPT/uSfWgC2vKgkYJHIqvcXLRTCNU3EjNWaoXeftiYbadv3j260ATRTzPIFaEqp6nBq1iqtvuEh33CyZHABqzQBUa7dnZYYiwXqamt5xOhOMMOoqoEVpXMEpjburcVPaTNJvV8Er3HegCWZ2jj3Ihc56VW+2S79nk/N6c5q7VNv8AkKL9P6UAWo9xQFwAx7DtT6SigBapaiP3aH3xVyqmof6hf97+lAGdRRRTAK1rQ7rVPpismtDT3zEyehzQBdopKKQC1HFCkIIQHn1p9FAC1DLbRzNucHOMdalooAhjtIo3DqDke9T0lFAEMlpFK24gg98GpI4kiXCDFOooAWo/JQzCXB3D3p9FAC0UlFAC1R1E/LGvqSau1mXz7rjb/dGKAK1FFFMAqe0k8u4GejcGoKKAN2iq9rN50QyfmXg1PSAWikooAWikooAWikooAWikooAWikooAWikooAR2CIWPQDNYrsXcsepOau383SJT7tVGmAUUUUAFFFFAEkMrQyBx+I9a10kWRAynINYlTW9w0DccqeooA16KZHIsq7kORTqQC0UlFAC0UlFAC0UlFAC0UlFAC1DcTiCPPVj0FJPcLAvPLdhWXJI0rlmOSaAEJLMSTknrSUUUwCiiigAooooAKKKKAHxyvE25Dg/zq/DfI/D/I36Vm0UAbgIIyORS1ipLJH9xyKsLqEg+8qt+lIDSoqkNQTujD6Uv9oRf3X/ACFAFyiqJ1Efwxk/U1C99K33cL9BQBpM6ouWYAe9U5r/AKrEP+BGqLOznLMSfc0lMBSSxJJJJ7mkoooAKKKKACiiigAooooAKKKKACiiigAooooAKKKKACiiigAooooAKKKKACiiigAooooA/9k='}
ContactData{id=392, firstname='test_c12', middlename='null', lastname='test_c22', nickname='null', title='null', company='null', address='someadrress2', home='111_2', mobile='333_2', work='222_2', fax='null', email='email_2', email2='email2_2', email3='email3_2', homepage='null', address2='null', phone2='null', notes='null', allPhones='null', allEmails='null', photo='PHOTO;ENCODING=BASE64;TYPE=JPEG:/9j/4AAQSkZJRgABAQAAAQABAAD//gA7Q1JFQVRPUjogZ2QtanBlZyB2MS4wICh1c2luZyBJSkcgSlBFRyB2OTApLCBxdWFsaXR5ID0gNzUK/9sAQwAIBgYHBgUIBwcHCQkICgwUDQwLCwwZEhMPFB0aHx4dGhwcICQuJyAiLCMcHCg3KSwwMTQ0NB8nOT04MjwuMzQy/9sAQwEJCQkMCwwYDQ0YMiEcITIyMjIyMjIyMjIyMjIyMjIyMjIyMjIyMjIyMjIyMjIyMjIyMjIyMjIyMjIyMjIyMjIy/8AAEQgAlgCWAwEiAAIRAQMRAf/EAB8AAAEFAQEBAQEBAAAAAAAAAAABAgMEBQYHCAkKC//EALUQAAIBAwMCBAMFBQQEAAABfQECAwAEEQUSITFBBhNRYQcicRQygZGhCCNCscEVUtHwJDNicoIJChYXGBkaJSYnKCkqNDU2Nzg5OkNERUZHSElKU1RVVldYWVpjZGVmZ2hpanN0dXZ3eHl6g4SFhoeIiYqSk5SVlpeYmZqio6Slpqeoqaqys7S1tre4ubrCw8TFxsfIycrS09TV1tfY2drh4uPk5ebn6Onq8fLz9PX29/j5+v/EAB8BAAMBAQEBAQEBAQEAAAAAAAABAgMEBQYHCAkKC//EALURAAIBAgQEAwQHBQQEAAECdwABAgMRBAUhMQYSQVEHYXETIjKBCBRCkaGxwQkjM1LwFWJy0QoWJDThJfEXGBkaJicoKSo1Njc4OTpDREVGR0hJSlNUVVZXWFlaY2RlZmdoaWpzdHV2d3h5eoKDhIWGh4iJipKTlJWWl5iZmqKjpKWmp6ipqrKztLW2t7i5usLDxMXGx8jJytLT1NXW19jZ2uLj5OXm5+jp6vLz9PX29/j5+v/aAAwDAQACEQMRAD8A+f6KKKACiiigAoopQCTgAk+goASirUdjK/LYQe/WrC2ES/eLN+OKAM2itcW0A6Rr+PNL5EP/ADyT8qAMeitY2sDf8swPpxUT6eh+45H15oAzqKnktJY+du4eq1BQAUUUUAFFFFABRRRQAUUUUAFFFW7S08zEkg+XsPWgBlvavNyflT19a0YoUhGEXHv3p444HSlpAJRS0UAJRS0UAJRS0UAJUE1pHNzja3qKsUUAY0sLwthx9D2NR1tuiyIVYZBrKuLdoH9VPQ0wIaKKKACiiigAoopQCSAOpoAntbfzpMn7i9fetTGBgUyGIQxBB+J96kpAJRilooASjFLRQAmKMUtFACYoxS0UAJijFLRQAmKbJGsqFG6Gn0lAGNLG0UhRuo/WmVpX0O+LePvL/Ks2mAUUUUAFWrGPfPuPRRn8aq1pWC7YC3djQBbxRikopALRikooAWjFJRQAYoxS0lABijFLSUAGKMUUUALikxS0lAARkYPSsaVPLlZPQ1s1naguJVb1FAFSiiimAVr2wxbR/TNZFbEH/HvH/uigCWikopARTytGBsjZ2PoOKrreSvnbDux6Zq7VPT/uSfWgC2vKgkYJHIqvcXLRTCNU3EjNWaoXeftiYbadv3j260ATRTzPIFaEqp6nBq1iqtvuEh33CyZHABqzQBUa7dnZYYiwXqamt5xOhOMMOoqoEVpXMEpjburcVPaTNJvV8Er3HegCWZ2jj3Ihc56VW+2S79nk/N6c5q7VNv8AkKL9P6UAWo9xQFwAx7DtT6SigBapaiP3aH3xVyqmof6hf97+lAGdRRRTAK1rQ7rVPpismtDT3zEyehzQBdopKKQC1HFCkIIQHn1p9FAC1DLbRzNucHOMdalooAhjtIo3DqDke9T0lFAEMlpFK24gg98GpI4kiXCDFOooAWo/JQzCXB3D3p9FAC0UlFAC1R1E/LGvqSau1mXz7rjb/dGKAK1FFFMAqe0k8u4GejcGoKKAN2iq9rN50QyfmXg1PSAWikooAWikooAWikooAWikooAWikooAWikooAR2CIWPQDNYrsXcsepOau383SJT7tVGmAUUUUAFFFFAEkMrQyBx+I9a10kWRAynINYlTW9w0DccqeooA16KZHIsq7kORTqQC0UlFAC0UlFAC0UlFAC0UlFAC1DcTiCPPVj0FJPcLAvPLdhWXJI0rlmOSaAEJLMSTknrSUUUwCiiigAooooAKKKKAHxyvE25Dg/zq/DfI/D/I36Vm0UAbgIIyORS1ipLJH9xyKsLqEg+8qt+lIDSoqkNQTujD6Uv9oRf3X/ACFAFyiqJ1Efwxk/U1C99K33cL9BQBpM6ouWYAe9U5r/AKrEP+BGqLOznLMSfc0lMBSSxJJJJ7mkoooAKKKKACiiigAooooAKKKKACiiigAooooAKKKKACiiigAooooAKKKKACiiigAooooA/9k='}
Hibernate: select contactdat0_.id as id1_1_, contactdat0_.address as address2_1_, contactdat0_.email as email3_1_, contactdat0_.email2 as email4_1_, contactdat0_.email3 as email5_1_, contactdat0_.firstname as firstnam6_1_, contactdat0_.home as home7_1_, contactdat0_.lastname as lastname8_1_, contactdat0_.mobile as mobile9_1_, contactdat0_.photo as photo10_1_, contactdat0_.work as work11_1_ from addressbook contactdat0_ where deprecated='0000-00-00'
Hibernate: select groups0_.id as id1_0_0_, groups0_.group_id as group_id2_0_0_, groupdata1_.group_id as group_id1_2_1_, groupdata1_.group_footer as group_fo2_2_1_, groupdata1_.group_header as group_he3_2_1_, groupdata1_.group_name as group_na4_2_1_ from address_in_groups groups0_ inner join group_list groupdata1_ on groups0_.group_id=groupdata1_.group_id where groups0_.id=?
Hibernate: select contacts0_.group_id as group_id2_0_0_, contacts0_.id as id1_0_0_, contactdat1_.id as id1_1_1_, contactdat1_.address as address2_1_1_, contactdat1_.email as email3_1_1_, contactdat1_.email2 as email4_1_1_, contactdat1_.email3 as email5_1_1_, contactdat1_.firstname as firstnam6_1_1_, contactdat1_.home as home7_1_1_, contactdat1_.lastname as lastname8_1_1_, contactdat1_.mobile as mobile9_1_1_, contactdat1_.photo as photo10_1_1_, contactdat1_.work as work11_1_1_ from address_in_groups contacts0_ inner join addressbook contactdat1_ on contacts0_.id=contactdat1_.id where contacts0_.group_id=?
Hibernate: select groups0_.id as id1_0_0_, groups0_.group_id as group_id2_0_0_, groupdata1_.group_id as group_id1_2_1_, groupdata1_.group_footer as group_fo2_2_1_, groupdata1_.group_header as group_he3_2_1_, groupdata1_.group_name as group_na4_2_1_ from address_in_groups groups0_ inner join group_list groupdata1_ on groups0_.group_id=groupdata1_.group_id where groups0_.id=?
Hibernate: select groups0_.id as id1_0_0_, groups0_.group_id as group_id2_0_0_, groupdata1_.group_id as group_id1_2_1_, groupdata1_.group_footer as group_fo2_2_1_, groupdata1_.group_header as group_he3_2_1_, groupdata1_.group_name as group_na4_2_1_ from address_in_groups groups0_ inner join group_list groupdata1_ on groups0_.group_id=groupdata1_.group_id where groups0_.id=?
Hibernate: select groups0_.id as id1_0_0_, groups0_.group_id as group_id2_0_0_, groupdata1_.group_id as group_id1_2_1_, groupdata1_.group_footer as group_fo2_2_1_, groupdata1_.group_header as group_he3_2_1_, groupdata1_.group_name as group_na4_2_1_ from address_in_groups groups0_ inner join group_list groupdata1_ on groups0_.group_id=groupdata1_.group_id where groups0_.id=?
ContactData{id=388, firstname='test_c11', middlename='null', lastname='test_c21', nickname='null', title='null', company='null', address='someadrress1', home='111_1', mobile='333_1', work='222_1', fax='null', email='email_1', email2='email2_1', email3='email3_1', homepage='null', address2='null', phone2='null', notes='null', allPhones='null', allEmails='null', photo='PHOTO;ENCODING=BASE64;TYPE=JPEG:/9j/4AAQSkZJRgABAQAAAQABAAD//gA7Q1JFQVRPUjogZ2QtanBlZyB2MS4wICh1c2luZyBJSkcgSlBFRyB2OTApLCBxdWFsaXR5ID0gNzUK/9sAQwAIBgYHBgUIBwcHCQkICgwUDQwLCwwZEhMPFB0aHx4dGhwcICQuJyAiLCMcHCg3KSwwMTQ0NB8nOT04MjwuMzQy/9sAQwEJCQkMCwwYDQ0YMiEcITIyMjIyMjIyMjIyMjIyMjIyMjIyMjIyMjIyMjIyMjIyMjIyMjIyMjIyMjIyMjIyMjIy/8AAEQgAlgCWAwEiAAIRAQMRAf/EAB8AAAEFAQEBAQEBAAAAAAAAAAABAgMEBQYHCAkKC//EALUQAAIBAwMCBAMFBQQEAAABfQECAwAEEQUSITFBBhNRYQcicRQygZGhCCNCscEVUtHwJDNicoIJChYXGBkaJSYnKCkqNDU2Nzg5OkNERUZHSElKU1RVVldYWVpjZGVmZ2hpanN0dXZ3eHl6g4SFhoeIiYqSk5SVlpeYmZqio6Slpqeoqaqys7S1tre4ubrCw8TFxsfIycrS09TV1tfY2drh4uPk5ebn6Onq8fLz9PX29/j5+v/EAB8BAAMBAQEBAQEBAQEAAAAAAAABAgMEBQYHCAkKC//EALURAAIBAgQEAwQHBQQEAAECdwABAgMRBAUhMQYSQVEHYXETIjKBCBRCkaGxwQkjM1LwFWJy0QoWJDThJfEXGBkaJicoKSo1Njc4OTpDREVGR0hJSlNUVVZXWFlaY2RlZmdoaWpzdHV2d3h5eoKDhIWGh4iJipKTlJWWl5iZmqKjpKWmp6ipqrKztLW2t7i5usLDxMXGx8jJytLT1NXW19jZ2uLj5OXm5+jp6vLz9PX29/j5+v/aAAwDAQACEQMRAD8A+f6KKKACiiigAoopQCTgAk+goASirUdjK/LYQe/WrC2ES/eLN+OKAM2itcW0A6Rr+PNL5EP/ADyT8qAMeitY2sDf8swPpxUT6eh+45H15oAzqKnktJY+du4eq1BQAUUUUAFFFFABRRRQAUUUUAFFFW7S08zEkg+XsPWgBlvavNyflT19a0YoUhGEXHv3p444HSlpAJRS0UAJRS0UAJRS0UAJUE1pHNzja3qKsUUAY0sLwthx9D2NR1tuiyIVYZBrKuLdoH9VPQ0wIaKKKACiiigAoopQCSAOpoAntbfzpMn7i9fetTGBgUyGIQxBB+J96kpAJRilooASjFLRQAmKMUtFACYoxS0UAJijFLRQAmKbJGsqFG6Gn0lAGNLG0UhRuo/WmVpX0O+LePvL/Ks2mAUUUUAFWrGPfPuPRRn8aq1pWC7YC3djQBbxRikopALRikooAWjFJRQAYoxS0lABijFLSUAGKMUUUALikxS0lAARkYPSsaVPLlZPQ1s1naguJVb1FAFSiiimAVr2wxbR/TNZFbEH/HvH/uigCWikopARTytGBsjZ2PoOKrreSvnbDux6Zq7VPT/uSfWgC2vKgkYJHIqvcXLRTCNU3EjNWaoXeftiYbadv3j260ATRTzPIFaEqp6nBq1iqtvuEh33CyZHABqzQBUa7dnZYYiwXqamt5xOhOMMOoqoEVpXMEpjburcVPaTNJvV8Er3HegCWZ2jj3Ihc56VW+2S79nk/N6c5q7VNv8AkKL9P6UAWo9xQFwAx7DtT6SigBapaiP3aH3xVyqmof6hf97+lAGdRRRTAK1rQ7rVPpismtDT3zEyehzQBdopKKQC1HFCkIIQHn1p9FAC1DLbRzNucHOMdalooAhjtIo3DqDke9T0lFAEMlpFK24gg98GpI4kiXCDFOooAWo/JQzCXB3D3p9FAC0UlFAC1R1E/LGvqSau1mXz7rjb/dGKAK1FFFMAqe0k8u4GejcGoKKAN2iq9rN50QyfmXg1PSAWikooAWikooAWikooAWikooAWikooAWikooAR2CIWPQDNYrsXcsepOau383SJT7tVGmAUUUUAFFFFAEkMrQyBx+I9a10kWRAynINYlTW9w0DccqeooA16KZHIsq7kORTqQC0UlFAC0UlFAC0UlFAC0UlFAC1DcTiCPPVj0FJPcLAvPLdhWXJI0rlmOSaAEJLMSTknrSUUUwCiiigAooooAKKKKAHxyvE25Dg/zq/DfI/D/I36Vm0UAbgIIyORS1ipLJH9xyKsLqEg+8qt+lIDSoqkNQTujD6Uv9oRf3X/ACFAFyiqJ1Efwxk/U1C99K33cL9BQBpM6ouWYAe9U5r/AKrEP+BGqLOznLMSfc0lMBSSxJJJJ7mkoooAKKKKACiiigAooooAKKKKACiiigAooooAKKKKACiiigAooooAKKKKACiiigAooooA/9k='}
ContactData{id=390, firstname='test_c10', middlename='null', lastname='test_c20', nickname='null', title='null', company='null', address='someadrress0', home='111_0', mobile='333_0', work='222_0', fax='null', email='email_0', email2='email2_0', email3='email3_0', homepage='null', address2='null', phone2='null', notes='null', allPhones='null', allEmails='null', photo='PHOTO;ENCODING=BASE64;TYPE=JPEG:/9j/4AAQSkZJRgABAQAAAQABAAD//gA7Q1JFQVRPUjogZ2QtanBlZyB2MS4wICh1c2luZyBJSkcgSlBFRyB2OTApLCBxdWFsaXR5ID0gNzUK/9sAQwAIBgYHBgUIBwcHCQkICgwUDQwLCwwZEhMPFB0aHx4dGhwcICQuJyAiLCMcHCg3KSwwMTQ0NB8nOT04MjwuMzQy/9sAQwEJCQkMCwwYDQ0YMiEcITIyMjIyMjIyMjIyMjIyMjIyMjIyMjIyMjIyMjIyMjIyMjIyMjIyMjIyMjIyMjIyMjIy/8AAEQgAlgCWAwEiAAIRAQMRAf/EAB8AAAEFAQEBAQEBAAAAAAAAAAABAgMEBQYHCAkKC//EALUQAAIBAwMCBAMFBQQEAAABfQECAwAEEQUSITFBBhNRYQcicRQygZGhCCNCscEVUtHwJDNicoIJChYXGBkaJSYnKCkqNDU2Nzg5OkNERUZHSElKU1RVVldYWVpjZGVmZ2hpanN0dXZ3eHl6g4SFhoeIiYqSk5SVlpeYmZqio6Slpqeoqaqys7S1tre4ubrCw8TFxsfIycrS09TV1tfY2drh4uPk5ebn6Onq8fLz9PX29/j5+v/EAB8BAAMBAQEBAQEBAQEAAAAAAAABAgMEBQYHCAkKC//EALURAAIBAgQEAwQHBQQEAAECdwABAgMRBAUhMQYSQVEHYXETIjKBCBRCkaGxwQkjM1LwFWJy0QoWJDThJfEXGBkaJicoKSo1Njc4OTpDREVGR0hJSlNUVVZXWFlaY2RlZmdoaWpzdHV2d3h5eoKDhIWGh4iJipKTlJWWl5iZmqKjpKWmp6ipqrKztLW2t7i5usLDxMXGx8jJytLT1NXW19jZ2uLj5OXm5+jp6vLz9PX29/j5+v/aAAwDAQACEQMRAD8A+f6KKKACiiigAoopQCTgAk+goASirUdjK/LYQe/WrC2ES/eLN+OKAM2itcW0A6Rr+PNL5EP/ADyT8qAMeitY2sDf8swPpxUT6eh+45H15oAzqKnktJY+du4eq1BQAUUUUAFFFFABRRRQAUUUUAFFFW7S08zEkg+XsPWgBlvavNyflT19a0YoUhGEXHv3p444HSlpAJRS0UAJRS0UAJRS0UAJUE1pHNzja3qKsUUAY0sLwthx9D2NR1tuiyIVYZBrKuLdoH9VPQ0wIaKKKACiiigAoopQCSAOpoAntbfzpMn7i9fetTGBgUyGIQxBB+J96kpAJRilooASjFLRQAmKMUtFACYoxS0UAJijFLRQAmKbJGsqFG6Gn0lAGNLG0UhRuo/WmVpX0O+LePvL/Ks2mAUUUUAFWrGPfPuPRRn8aq1pWC7YC3djQBbxRikopALRikooAWjFJRQAYoxS0lABijFLSUAGKMUUUALikxS0lAARkYPSsaVPLlZPQ1s1naguJVb1FAFSiiimAVr2wxbR/TNZFbEH/HvH/uigCWikopARTytGBsjZ2PoOKrreSvnbDux6Zq7VPT/uSfWgC2vKgkYJHIqvcXLRTCNU3EjNWaoXeftiYbadv3j260ATRTzPIFaEqp6nBq1iqtvuEh33CyZHABqzQBUa7dnZYYiwXqamt5xOhOMMOoqoEVpXMEpjburcVPaTNJvV8Er3HegCWZ2jj3Ihc56VW+2S79nk/N6c5q7VNv8AkKL9P6UAWo9xQFwAx7DtT6SigBapaiP3aH3xVyqmof6hf97+lAGdRRRTAK1rQ7rVPpismtDT3zEyehzQBdopKKQC1HFCkIIQHn1p9FAC1DLbRzNucHOMdalooAhjtIo3DqDke9T0lFAEMlpFK24gg98GpI4kiXCDFOooAWo/JQzCXB3D3p9FAC0UlFAC1R1E/LGvqSau1mXz7rjb/dGKAK1FFFMAqe0k8u4GejcGoKKAN2iq9rN50QyfmXg1PSAWikooAWikooAWikooAWikooAWikooAWikooAR2CIWPQDNYrsXcsepOau383SJT7tVGmAUUUUAFFFFAEkMrQyBx+I9a10kWRAynINYlTW9w0DccqeooA16KZHIsq7kORTqQC0UlFAC0UlFAC0UlFAC0UlFAC1DcTiCPPVj0FJPcLAvPLdhWXJI0rlmOSaAEJLMSTknrSUUUwCiiigAooooAKKKKAHxyvE25Dg/zq/DfI/D/I36Vm0UAbgIIyORS1ipLJH9xyKsLqEg+8qt+lIDSoqkNQTujD6Uv9oRf3X/ACFAFyiqJ1Efwxk/U1C99K33cL9BQBpM6ouWYAe9U5r/AKrEP+BGqLOznLMSfc0lMBSSxJJJJ7mkoooAKKKKACiiigAooooAKKKKACiiigAooooAKKKKACiiigAooooAKKKKACiiigAooooA/9k='}
ContactData{id=391, firstname='test_c11', middlename='null', lastname='test_c21', nickname='null', title='null', company='null', address='someadrress1', home='111_1', mobile='333_1', work='222_1', fax='null', email='email_1', email2='email2_1', email3='email3_1', homepage='null', address2='null', phone2='null', notes='null', allPhones='null', allEmails='null', photo='PHOTO;ENCODING=BASE64;TYPE=JPEG:/9j/4AAQSkZJRgABAQAAAQABAAD//gA7Q1JFQVRPUjogZ2QtanBlZyB2MS4wICh1c2luZyBJSkcgSlBFRyB2OTApLCBxdWFsaXR5ID0gNzUK/9sAQwAIBgYHBgUIBwcHCQkICgwUDQwLCwwZEhMPFB0aHx4dGhwcICQuJyAiLCMcHCg3KSwwMTQ0NB8nOT04MjwuMzQy/9sAQwEJCQkMCwwYDQ0YMiEcITIyMjIyMjIyMjIyMjIyMjIyMjIyMjIyMjIyMjIyMjIyMjIyMjIyMjIyMjIyMjIyMjIy/8AAEQgAlgCWAwEiAAIRAQMRAf/EAB8AAAEFAQEBAQEBAAAAAAAAAAABAgMEBQYHCAkKC//EALUQAAIBAwMCBAMFBQQEAAABfQECAwAEEQUSITFBBhNRYQcicRQygZGhCCNCscEVUtHwJDNicoIJChYXGBkaJSYnKCkqNDU2Nzg5OkNERUZHSElKU1RVVldYWVpjZGVmZ2hpanN0dXZ3eHl6g4SFhoeIiYqSk5SVlpeYmZqio6Slpqeoqaqys7S1tre4ubrCw8TFxsfIycrS09TV1tfY2drh4uPk5ebn6Onq8fLz9PX29/j5+v/EAB8BAAMBAQEBAQEBAQEAAAAAAAABAgMEBQYHCAkKC//EALURAAIBAgQEAwQHBQQEAAECdwABAgMRBAUhMQYSQVEHYXETIjKBCBRCkaGxwQkjM1LwFWJy0QoWJDThJfEXGBkaJicoKSo1Njc4OTpDREVGR0hJSlNUVVZXWFlaY2RlZmdoaWpzdHV2d3h5eoKDhIWGh4iJipKTlJWWl5iZmqKjpKWmp6ipqrKztLW2t7i5usLDxMXGx8jJytLT1NXW19jZ2uLj5OXm5+jp6vLz9PX29/j5+v/aAAwDAQACEQMRAD8A+f6KKKACiiigAoopQCTgAk+goASirUdjK/LYQe/WrC2ES/eLN+OKAM2itcW0A6Rr+PNL5EP/ADyT8qAMeitY2sDf8swPpxUT6eh+45H15oAzqKnktJY+du4eq1BQAUUUUAFFFFABRRRQAUUUUAFFFW7S08zEkg+XsPWgBlvavNyflT19a0YoUhGEXHv3p444HSlpAJRS0UAJRS0UAJRS0UAJUE1pHNzja3qKsUUAY0sLwthx9D2NR1tuiyIVYZBrKuLdoH9VPQ0wIaKKKACiiigAoopQCSAOpoAntbfzpMn7i9fetTGBgUyGIQxBB+J96kpAJRilooASjFLRQAmKMUtFACYoxS0UAJijFLRQAmKbJGsqFG6Gn0lAGNLG0UhRuo/WmVpX0O+LePvL/Ks2mAUUUUAFWrGPfPuPRRn8aq1pWC7YC3djQBbxRikopALRikooAWjFJRQAYoxS0lABijFLSUAGKMUUUALikxS0lAARkYPSsaVPLlZPQ1s1naguJVb1FAFSiiimAVr2wxbR/TNZFbEH/HvH/uigCWikopARTytGBsjZ2PoOKrreSvnbDux6Zq7VPT/uSfWgC2vKgkYJHIqvcXLRTCNU3EjNWaoXeftiYbadv3j260ATRTzPIFaEqp6nBq1iqtvuEh33CyZHABqzQBUa7dnZYYiwXqamt5xOhOMMOoqoEVpXMEpjburcVPaTNJvV8Er3HegCWZ2jj3Ihc56VW+2S79nk/N6c5q7VNv8AkKL9P6UAWo9xQFwAx7DtT6SigBapaiP3aH3xVyqmof6hf97+lAGdRRRTAK1rQ7rVPpismtDT3zEyehzQBdopKKQC1HFCkIIQHn1p9FAC1DLbRzNucHOMdalooAhjtIo3DqDke9T0lFAEMlpFK24gg98GpI4kiXCDFOooAWo/JQzCXB3D3p9FAC0UlFAC1R1E/LGvqSau1mXz7rjb/dGKAK1FFFMAqe0k8u4GejcGoKKAN2iq9rN50QyfmXg1PSAWikooAWikooAWikooAWikooAWikooAWikooAR2CIWPQDNYrsXcsepOau383SJT7tVGmAUUUUAFFFFAEkMrQyBx+I9a10kWRAynINYlTW9w0DccqeooA16KZHIsq7kORTqQC0UlFAC0UlFAC0UlFAC0UlFAC1DcTiCPPVj0FJPcLAvPLdhWXJI0rlmOSaAEJLMSTknrSUUUwCiiigAooooAKKKKAHxyvE25Dg/zq/DfI/D/I36Vm0UAbgIIyORS1ipLJH9xyKsLqEg+8qt+lIDSoqkNQTujD6Uv9oRf3X/ACFAFyiqJ1Efwxk/U1C99K33cL9BQBpM6ouWYAe9U5r/AKrEP+BGqLOznLMSfc0lMBSSxJJJJ7mkoooAKKKKACiiigAooooAKKKKACiiigAooooAKKKKACiiigAooooAKKKKACiiigAooooA/9k='}
ContactData{id=392, firstname='test_c12', middlename='null', lastname='test_c22', nickname='null', title='null', company='null', address='someadrress2', home='111_2', mobile='333_2', work='222_2', fax='null', email='email_2', email2='email2_2', email3='email3_2', homepage='null', address2='null', phone2='null', notes='null', allPhones='null', allEmails='null', photo='PHOTO;ENCODING=BASE64;TYPE=JPEG:/9j/4AAQSkZJRgABAQAAAQABAAD//gA7Q1JFQVRPUjogZ2QtanBlZyB2MS4wICh1c2luZyBJSkcgSlBFRyB2OTApLCBxdWFsaXR5ID0gNzUK/9sAQwAIBgYHBgUIBwcHCQkICgwUDQwLCwwZEhMPFB0aHx4dGhwcICQuJyAiLCMcHCg3KSwwMTQ0NB8nOT04MjwuMzQy/9sAQwEJCQkMCwwYDQ0YMiEcITIyMjIyMjIyMjIyMjIyMjIyMjIyMjIyMjIyMjIyMjIyMjIyMjIyMjIyMjIyMjIyMjIy/8AAEQgAlgCWAwEiAAIRAQMRAf/EAB8AAAEFAQEBAQEBAAAAAAAAAAABAgMEBQYHCAkKC//EALUQAAIBAwMCBAMFBQQEAAABfQECAwAEEQUSITFBBhNRYQcicRQygZGhCCNCscEVUtHwJDNicoIJChYXGBkaJSYnKCkqNDU2Nzg5OkNERUZHSElKU1RVVldYWVpjZGVmZ2hpanN0dXZ3eHl6g4SFhoeIiYqSk5SVlpeYmZqio6Slpqeoqaqys7S1tre4ubrCw8TFxsfIycrS09TV1tfY2drh4uPk5ebn6Onq8fLz9PX29/j5+v/EAB8BAAMBAQEBAQEBAQEAAAAAAAABAgMEBQYHCAkKC//EALURAAIBAgQEAwQHBQQEAAECdwABAgMRBAUhMQYSQVEHYXETIjKBCBRCkaGxwQkjM1LwFWJy0QoWJDThJfEXGBkaJicoKSo1Njc4OTpDREVGR0hJSlNUVVZXWFlaY2RlZmdoaWpzdHV2d3h5eoKDhIWGh4iJipKTlJWWl5iZmqKjpKWmp6ipqrKztLW2t7i5usLDxMXGx8jJytLT1NXW19jZ2uLj5OXm5+jp6vLz9PX29/j5+v/aAAwDAQACEQMRAD8A+f6KKKACiiigAoopQCTgAk+goASirUdjK/LYQe/WrC2ES/eLN+OKAM2itcW0A6Rr+PNL5EP/ADyT8qAMeitY2sDf8swPpxUT6eh+45H15oAzqKnktJY+du4eq1BQAUUUUAFFFFABRRRQAUUUUAFFFW7S08zEkg+XsPWgBlvavNyflT19a0YoUhGEXHv3p444HSlpAJRS0UAJRS0UAJRS0UAJUE1pHNzja3qKsUUAY0sLwthx9D2NR1tuiyIVYZBrKuLdoH9VPQ0wIaKKKACiiigAoopQCSAOpoAntbfzpMn7i9fetTGBgUyGIQxBB+J96kpAJRilooASjFLRQAmKMUtFACYoxS0UAJijFLRQAmKbJGsqFG6Gn0lAGNLG0UhRuo/WmVpX0O+LePvL/Ks2mAUUUUAFWrGPfPuPRRn8aq1pWC7YC3djQBbxRikopALRikooAWjFJRQAYoxS0lABijFLSUAGKMUUUALikxS0lAARkYPSsaVPLlZPQ1s1naguJVb1FAFSiiimAVr2wxbR/TNZFbEH/HvH/uigCWikopARTytGBsjZ2PoOKrreSvnbDux6Zq7VPT/uSfWgC2vKgkYJHIqvcXLRTCNU3EjNWaoXeftiYbadv3j260ATRTzPIFaEqp6nBq1iqtvuEh33CyZHABqzQBUa7dnZYYiwXqamt5xOhOMMOoqoEVpXMEpjburcVPaTNJvV8Er3HegCWZ2jj3Ihc56VW+2S79nk/N6c5q7VNv8AkKL9P6UAWo9xQFwAx7DtT6SigBapaiP3aH3xVyqmof6hf97+lAGdRRRTAK1rQ7rVPpismtDT3zEyehzQBdopKKQC1HFCkIIQHn1p9FAC1DLbRzNucHOMdalooAhjtIo3DqDke9T0lFAEMlpFK24gg98GpI4kiXCDFOooAWo/JQzCXB3D3p9FAC0UlFAC1R1E/LGvqSau1mXz7rjb/dGKAK1FFFMAqe0k8u4GejcGoKKAN2iq9rN50QyfmXg1PSAWikooAWikooAWikooAWikooAWikooAWikooAR2CIWPQDNYrsXcsepOau383SJT7tVGmAUUUUAFFFFAEkMrQyBx+I9a10kWRAynINYlTW9w0DccqeooA16KZHIsq7kORTqQC0UlFAC0UlFAC0UlFAC0UlFAC1DcTiCPPVj0FJPcLAvPLdhWXJI0rlmOSaAEJLMSTknrSUUUwCiiigAooooAKKKKAHxyvE25Dg/zq/DfI/D/I36Vm0UAbgIIyORS1ipLJH9xyKsLqEg+8qt+lIDSoqkNQTujD6Uv9oRf3X/ACFAFyiqJ1Efwxk/U1C99K33cL9BQBpM6ouWYAe9U5r/AKrEP+BGqLOznLMSfc0lMBSSxJJJJ7mkoooAKKKKACiiigAooooAKKKKACiiigAooooAKKKKACiiigAooooAKKKKACiiigAooooA/9k='}
Hibernate: select contactdat0_.id as id1_1_, contactdat0_.address as address2_1_, contactdat0_.email as email3_1_, contactdat0_.email2 as email4_1_, contactdat0_.email3 as email5_1_, contactdat0_.firstname as firstnam6_1_, contactdat0_.home as home7_1_, contactdat0_.lastname as lastname8_1_, contactdat0_.mobile as mobile9_1_, contactdat0_.photo as photo10_1_, contactdat0_.work as work11_1_ from addressbook contactdat0_ where deprecated='0000-00-00'
Hibernate: select groups0_.id as id1_0_0_, groups0_.group_id as group_id2_0_0_, groupdata1_.group_id as group_id1_2_1_, groupdata1_.group_footer as group_fo2_2_1_, groupdata1_.group_header as group_he3_2_1_, groupdata1_.group_name as group_na4_2_1_ from address_in_groups groups0_ inner join group_list groupdata1_ on groups0_.group_id=groupdata1_.group_id where groups0_.id=?
Hibernate: select contacts0_.group_id as group_id2_0_0_, contacts0_.id as id1_0_0_, contactdat1_.id as id1_1_1_, contactdat1_.address as address2_1_1_, contactdat1_.email as email3_1_1_, contactdat1_.email2 as email4_1_1_, contactdat1_.email3 as email5_1_1_, contactdat1_.firstname as firstnam6_1_1_, contactdat1_.home as home7_1_1_, contactdat1_.lastname as lastname8_1_1_, contactdat1_.mobile as mobile9_1_1_, contactdat1_.photo as photo10_1_1_, contactdat1_.work as work11_1_1_ from address_in_groups contacts0_ inner join addressbook contactdat1_ on contacts0_.id=contactdat1_.id where contacts0_.group_id=?
Hibernate: select groups0_.id as id1_0_0_, groups0_.group_id as group_id2_0_0_, groupdata1_.group_id as group_id1_2_1_, groupdata1_.group_footer as group_fo2_2_1_, groupdata1_.group_header as group_he3_2_1_, groupdata1_.group_name as group_na4_2_1_ from address_in_groups groups0_ inner join group_list groupdata1_ on groups0_.group_id=groupdata1_.group_id where groups0_.id=?
Hibernate: select groups0_.id as id1_0_0_, groups0_.group_id as group_id2_0_0_, groupdata1_.group_id as group_id1_2_1_, groupdata1_.group_footer as group_fo2_2_1_, groupdata1_.group_header as group_he3_2_1_, groupdata1_.group_name as group_na4_2_1_ from address_in_groups groups0_ inner join group_list groupdata1_ on groups0_.group_id=groupdata1_.group_id where groups0_.id=?
Hibernate: select groups0_.id as id1_0_0_, groups0_.group_id as group_id2_0_0_, groupdata1_.group_id as group_id1_2_1_, groupdata1_.group_footer as group_fo2_2_1_, groupdata1_.group_header as group_he3_2_1_, groupdata1_.group_name as group_na4_2_1_ from address_in_groups groups0_ inner join group_list groupdata1_ on groups0_.group_id=groupdata1_.group_id where groups0_.id=?
ContactData{id=388, firstname='test_c11', middlename='null', lastname='test_c21', nickname='null', title='null', company='null', address='someadrress1', home='111_1', mobile='333_1', work='222_1', fax='null', email='email_1', email2='email2_1', email3='email3_1', homepage='null', address2='null', phone2='null', notes='null', allPhones='null', allEmails='null', photo='PHOTO;ENCODING=BASE64;TYPE=JPEG:/9j/4AAQSkZJRgABAQAAAQABAAD//gA7Q1JFQVRPUjogZ2QtanBlZyB2MS4wICh1c2luZyBJSkcgSlBFRyB2OTApLCBxdWFsaXR5ID0gNzUK/9sAQwAIBgYHBgUIBwcHCQkICgwUDQwLCwwZEhMPFB0aHx4dGhwcICQuJyAiLCMcHCg3KSwwMTQ0NB8nOT04MjwuMzQy/9sAQwEJCQkMCwwYDQ0YMiEcITIyMjIyMjIyMjIyMjIyMjIyMjIyMjIyMjIyMjIyMjIyMjIyMjIyMjIyMjIyMjIyMjIy/8AAEQgAlgCWAwEiAAIRAQMRAf/EAB8AAAEFAQEBAQEBAAAAAAAAAAABAgMEBQYHCAkKC//EALUQAAIBAwMCBAMFBQQEAAABfQECAwAEEQUSITFBBhNRYQcicRQygZGhCCNCscEVUtHwJDNicoIJChYXGBkaJSYnKCkqNDU2Nzg5OkNERUZHSElKU1RVVldYWVpjZGVmZ2hpanN0dXZ3eHl6g4SFhoeIiYqSk5SVlpeYmZqio6Slpqeoqaqys7S1tre4ubrCw8TFxsfIycrS09TV1tfY2drh4uPk5ebn6Onq8fLz9PX29/j5+v/EAB8BAAMBAQEBAQEBAQEAAAAAAAABAgMEBQYHCAkKC//EALURAAIBAgQEAwQHBQQEAAECdwABAgMRBAUhMQYSQVEHYXETIjKBCBRCkaGxwQkjM1LwFWJy0QoWJDThJfEXGBkaJicoKSo1Njc4OTpDREVGR0hJSlNUVVZXWFlaY2RlZmdoaWpzdHV2d3h5eoKDhIWGh4iJipKTlJWWl5iZmqKjpKWmp6ipqrKztLW2t7i5usLDxMXGx8jJytLT1NXW19jZ2uLj5OXm5+jp6vLz9PX29/j5+v/aAAwDAQACEQMRAD8A+f6KKKACiiigAoopQCTgAk+goASirUdjK/LYQe/WrC2ES/eLN+OKAM2itcW0A6Rr+PNL5EP/ADyT8qAMeitY2sDf8swPpxUT6eh+45H15oAzqKnktJY+du4eq1BQAUUUUAFFFFABRRRQAUUUUAFFFW7S08zEkg+XsPWgBlvavNyflT19a0YoUhGEXHv3p444HSlpAJRS0UAJRS0UAJRS0UAJUE1pHNzja3qKsUUAY0sLwthx9D2NR1tuiyIVYZBrKuLdoH9VPQ0wIaKKKACiiigAoopQCSAOpoAntbfzpMn7i9fetTGBgUyGIQxBB+J96kpAJRilooASjFLRQAmKMUtFACYoxS0UAJijFLRQAmKbJGsqFG6Gn0lAGNLG0UhRuo/WmVpX0O+LePvL/Ks2mAUUUUAFWrGPfPuPRRn8aq1pWC7YC3djQBbxRikopALRikooAWjFJRQAYoxS0lABijFLSUAGKMUUUALikxS0lAARkYPSsaVPLlZPQ1s1naguJVb1FAFSiiimAVr2wxbR/TNZFbEH/HvH/uigCWikopARTytGBsjZ2PoOKrreSvnbDux6Zq7VPT/uSfWgC2vKgkYJHIqvcXLRTCNU3EjNWaoXeftiYbadv3j260ATRTzPIFaEqp6nBq1iqtvuEh33CyZHABqzQBUa7dnZYYiwXqamt5xOhOMMOoqoEVpXMEpjburcVPaTNJvV8Er3HegCWZ2jj3Ihc56VW+2S79nk/N6c5q7VNv8AkKL9P6UAWo9xQFwAx7DtT6SigBapaiP3aH3xVyqmof6hf97+lAGdRRRTAK1rQ7rVPpismtDT3zEyehzQBdopKKQC1HFCkIIQHn1p9FAC1DLbRzNucHOMdalooAhjtIo3DqDke9T0lFAEMlpFK24gg98GpI4kiXCDFOooAWo/JQzCXB3D3p9FAC0UlFAC1R1E/LGvqSau1mXz7rjb/dGKAK1FFFMAqe0k8u4GejcGoKKAN2iq9rN50QyfmXg1PSAWikooAWikooAWikooAWikooAWikooAWikooAR2CIWPQDNYrsXcsepOau383SJT7tVGmAUUUUAFFFFAEkMrQyBx+I9a10kWRAynINYlTW9w0DccqeooA16KZHIsq7kORTqQC0UlFAC0UlFAC0UlFAC0UlFAC1DcTiCPPVj0FJPcLAvPLdhWXJI0rlmOSaAEJLMSTknrSUUUwCiiigAooooAKKKKAHxyvE25Dg/zq/DfI/D/I36Vm0UAbgIIyORS1ipLJH9xyKsLqEg+8qt+lIDSoqkNQTujD6Uv9oRf3X/ACFAFyiqJ1Efwxk/U1C99K33cL9BQBpM6ouWYAe9U5r/AKrEP+BGqLOznLMSfc0lMBSSxJJJJ7mkoooAKKKKACiiigAooooAKKKKACiiigAooooAKKKKACiiigAooooAKKKKACiiigAooooA/9k='}
ContactData{id=390, firstname='test_c10', middlename='null', lastname='test_c20', nickname='null', title='null', company='null', address='someadrress0', home='111_0', mobile='333_0', work='222_0', fax='null', email='email_0', email2='email2_0', email3='email3_0', homepage='null', address2='null', phone2='null', notes='null', allPhones='null', allEmails='null', photo='PHOTO;ENCODING=BASE64;TYPE=JPEG:/9j/4AAQSkZJRgABAQAAAQABAAD//gA7Q1JFQVRPUjogZ2QtanBlZyB2MS4wICh1c2luZyBJSkcgSlBFRyB2OTApLCBxdWFsaXR5ID0gNzUK/9sAQwAIBgYHBgUIBwcHCQkICgwUDQwLCwwZEhMPFB0aHx4dGhwcICQuJyAiLCMcHCg3KSwwMTQ0NB8nOT04MjwuMzQy/9sAQwEJCQkMCwwYDQ0YMiEcITIyMjIyMjIyMjIyMjIyMjIyMjIyMjIyMjIyMjIyMjIyMjIyMjIyMjIyMjIyMjIyMjIy/8AAEQgAlgCWAwEiAAIRAQMRAf/EAB8AAAEFAQEBAQEBAAAAAAAAAAABAgMEBQYHCAkKC//EALUQAAIBAwMCBAMFBQQEAAABfQECAwAEEQUSITFBBhNRYQcicRQygZGhCCNCscEVUtHwJDNicoIJChYXGBkaJSYnKCkqNDU2Nzg5OkNERUZHSElKU1RVVldYWVpjZGVmZ2hpanN0dXZ3eHl6g4SFhoeIiYqSk5SVlpeYmZqio6Slpqeoqaqys7S1tre4ubrCw8TFxsfIycrS09TV1tfY2drh4uPk5ebn6Onq8fLz9PX29/j5+v/EAB8BAAMBAQEBAQEBAQEAAAAAAAABAgMEBQYHCAkKC//EALURAAIBAgQEAwQHBQQEAAECdwABAgMRBAUhMQYSQVEHYXETIjKBCBRCkaGxwQkjM1LwFWJy0QoWJDThJfEXGBkaJicoKSo1Njc4OTpDREVGR0hJSlNUVVZXWFlaY2RlZmdoaWpzdHV2d3h5eoKDhIWGh4iJipKTlJWWl5iZmqKjpKWmp6ipqrKztLW2t7i5usLDxMXGx8jJytLT1NXW19jZ2uLj5OXm5+jp6vLz9PX29/j5+v/aAAwDAQACEQMRAD8A+f6KKKACiiigAoopQCTgAk+goASirUdjK/LYQe/WrC2ES/eLN+OKAM2itcW0A6Rr+PNL5EP/ADyT8qAMeitY2sDf8swPpxUT6eh+45H15oAzqKnktJY+du4eq1BQAUUUUAFFFFABRRRQAUUUUAFFFW7S08zEkg+XsPWgBlvavNyflT19a0YoUhGEXHv3p444HSlpAJRS0UAJRS0UAJRS0UAJUE1pHNzja3qKsUUAY0sLwthx9D2NR1tuiyIVYZBrKuLdoH9VPQ0wIaKKKACiiigAoopQCSAOpoAntbfzpMn7i9fetTGBgUyGIQxBB+J96kpAJRilooASjFLRQAmKMUtFACYoxS0UAJijFLRQAmKbJGsqFG6Gn0lAGNLG0UhRuo/WmVpX0O+LePvL/Ks2mAUUUUAFWrGPfPuPRRn8aq1pWC7YC3djQBbxRikopALRikooAWjFJRQAYoxS0lABijFLSUAGKMUUUALikxS0lAARkYPSsaVPLlZPQ1s1naguJVb1FAFSiiimAVr2wxbR/TNZFbEH/HvH/uigCWikopARTytGBsjZ2PoOKrreSvnbDux6Zq7VPT/uSfWgC2vKgkYJHIqvcXLRTCNU3EjNWaoXeftiYbadv3j260ATRTzPIFaEqp6nBq1iqtvuEh33CyZHABqzQBUa7dnZYYiwXqamt5xOhOMMOoqoEVpXMEpjburcVPaTNJvV8Er3HegCWZ2jj3Ihc56VW+2S79nk/N6c5q7VNv8AkKL9P6UAWo9xQFwAx7DtT6SigBapaiP3aH3xVyqmof6hf97+lAGdRRRTAK1rQ7rVPpismtDT3zEyehzQBdopKKQC1HFCkIIQHn1p9FAC1DLbRzNucHOMdalooAhjtIo3DqDke9T0lFAEMlpFK24gg98GpI4kiXCDFOooAWo/JQzCXB3D3p9FAC0UlFAC1R1E/LGvqSau1mXz7rjb/dGKAK1FFFMAqe0k8u4GejcGoKKAN2iq9rN50QyfmXg1PSAWikooAWikooAWikooAWikooAWikooAWikooAR2CIWPQDNYrsXcsepOau383SJT7tVGmAUUUUAFFFFAEkMrQyBx+I9a10kWRAynINYlTW9w0DccqeooA16KZHIsq7kORTqQC0UlFAC0UlFAC0UlFAC0UlFAC1DcTiCPPVj0FJPcLAvPLdhWXJI0rlmOSaAEJLMSTknrSUUUwCiiigAooooAKKKKAHxyvE25Dg/zq/DfI/D/I36Vm0UAbgIIyORS1ipLJH9xyKsLqEg+8qt+lIDSoqkNQTujD6Uv9oRf3X/ACFAFyiqJ1Efwxk/U1C99K33cL9BQBpM6ouWYAe9U5r/AKrEP+BGqLOznLMSfc0lMBSSxJJJJ7mkoooAKKKKACiiigAooooAKKKKACiiigAooooAKKKKACiiigAooooAKKKKACiiigAooooA/9k='}
ContactData{id=391, firstname='test_c11', middlename='null', lastname='test_c21', nickname='null', title='null', company='null', address='someadrress1', home='111_1', mobile='333_1', work='222_1', fax='null', email='email_1', email2='email2_1', email3='email3_1', homepage='null', address2='null', phone2='null', notes='null', allPhones='null', allEmails='null', photo='PHOTO;ENCODING=BASE64;TYPE=JPEG:/9j/4AAQSkZJRgABAQAAAQABAAD//gA7Q1JFQVRPUjogZ2QtanBlZyB2MS4wICh1c2luZyBJSkcgSlBFRyB2OTApLCBxdWFsaXR5ID0gNzUK/9sAQwAIBgYHBgUIBwcHCQkICgwUDQwLCwwZEhMPFB0aHx4dGhwcICQuJyAiLCMcHCg3KSwwMTQ0NB8nOT04MjwuMzQy/9sAQwEJCQkMCwwYDQ0YMiEcITIyMjIyMjIyMjIyMjIyMjIyMjIyMjIyMjIyMjIyMjIyMjIyMjIyMjIyMjIyMjIyMjIy/8AAEQgAlgCWAwEiAAIRAQMRAf/EAB8AAAEFAQEBAQEBAAAAAAAAAAABAgMEBQYHCAkKC//EALUQAAIBAwMCBAMFBQQEAAABfQECAwAEEQUSITFBBhNRYQcicRQygZGhCCNCscEVUtHwJDNicoIJChYXGBkaJSYnKCkqNDU2Nzg5OkNERUZHSElKU1RVVldYWVpjZGVmZ2hpanN0dXZ3eHl6g4SFhoeIiYqSk5SVlpeYmZqio6Slpqeoqaqys7S1tre4ubrCw8TFxsfIycrS09TV1tfY2drh4uPk5ebn6Onq8fLz9PX29/j5+v/EAB8BAAMBAQEBAQEBAQEAAAAAAAABAgMEBQYHCAkKC//EALURAAIBAgQEAwQHBQQEAAECdwABAgMRBAUhMQYSQVEHYXETIjKBCBRCkaGxwQkjM1LwFWJy0QoWJDThJfEXGBkaJicoKSo1Njc4OTpDREVGR0hJSlNUVVZXWFlaY2RlZmdoaWpzdHV2d3h5eoKDhIWGh4iJipKTlJWWl5iZmqKjpKWmp6ipqrKztLW2t7i5usLDxMXGx8jJytLT1NXW19jZ2uLj5OXm5+jp6vLz9PX29/j5+v/aAAwDAQACEQMRAD8A+f6KKKACiiigAoopQCTgAk+goASirUdjK/LYQe/WrC2ES/eLN+OKAM2itcW0A6Rr+PNL5EP/ADyT8qAMeitY2sDf8swPpxUT6eh+45H15oAzqKnktJY+du4eq1BQAUUUUAFFFFABRRRQAUUUUAFFFW7S08zEkg+XsPWgBlvavNyflT19a0YoUhGEXHv3p444HSlpAJRS0UAJRS0UAJRS0UAJUE1pHNzja3qKsUUAY0sLwthx9D2NR1tuiyIVYZBrKuLdoH9VPQ0wIaKKKACiiigAoopQCSAOpoAntbfzpMn7i9fetTGBgUyGIQxBB+J96kpAJRilooASjFLRQAmKMUtFACYoxS0UAJijFLRQAmKbJGsqFG6Gn0lAGNLG0UhRuo/WmVpX0O+LePvL/Ks2mAUUUUAFWrGPfPuPRRn8aq1pWC7YC3djQBbxRikopALRikooAWjFJRQAYoxS0lABijFLSUAGKMUUUALikxS0lAARkYPSsaVPLlZPQ1s1naguJVb1FAFSiiimAVr2wxbR/TNZFbEH/HvH/uigCWikopARTytGBsjZ2PoOKrreSvnbDux6Zq7VPT/uSfWgC2vKgkYJHIqvcXLRTCNU3EjNWaoXeftiYbadv3j260ATRTzPIFaEqp6nBq1iqtvuEh33CyZHABqzQBUa7dnZYYiwXqamt5xOhOMMOoqoEVpXMEpjburcVPaTNJvV8Er3HegCWZ2jj3Ihc56VW+2S79nk/N6c5q7VNv8AkKL9P6UAWo9xQFwAx7DtT6SigBapaiP3aH3xVyqmof6hf97+lAGdRRRTAK1rQ7rVPpismtDT3zEyehzQBdopKKQC1HFCkIIQHn1p9FAC1DLbRzNucHOMdalooAhjtIo3DqDke9T0lFAEMlpFK24gg98GpI4kiXCDFOooAWo/JQzCXB3D3p9FAC0UlFAC1R1E/LGvqSau1mXz7rjb/dGKAK1FFFMAqe0k8u4GejcGoKKAN2iq9rN50QyfmXg1PSAWikooAWikooAWikooAWikooAWikooAWikooAR2CIWPQDNYrsXcsepOau383SJT7tVGmAUUUUAFFFFAEkMrQyBx+I9a10kWRAynINYlTW9w0DccqeooA16KZHIsq7kORTqQC0UlFAC0UlFAC0UlFAC0UlFAC1DcTiCPPVj0FJPcLAvPLdhWXJI0rlmOSaAEJLMSTknrSUUUwCiiigAooooAKKKKAHxyvE25Dg/zq/DfI/D/I36Vm0UAbgIIyORS1ipLJH9xyKsLqEg+8qt+lIDSoqkNQTujD6Uv9oRf3X/ACFAFyiqJ1Efwxk/U1C99K33cL9BQBpM6ouWYAe9U5r/AKrEP+BGqLOznLMSfc0lMBSSxJJJJ7mkoooAKKKKACiiigAooooAKKKKACiiigAooooAKKKKACiiigAooooAKKKKACiiigAooooA/9k='}
]]></system-out>
  <system-err><![CDATA[]]></system-err>
</testsuite>
