<?xml version="1.0" encoding="UTF-8"?>
<testsuite name="ua.stqa.pft.sandbox.PointerTests" tests="2" skipped="0" failures="0" errors="0" timestamp="2018-10-31T12:39:42" hostname="shemiakin" time="0.001">
  <properties/>
  <testcase name="testDistance" classname="ua.stqa.pft.sandbox.PointerTests" time="0.001"/>
  <testcase name="testDistance2" classname="ua.stqa.pft.sandbox.PointerTests" time="0.0"/>
  <system-out><![CDATA[]]></system-out>
  <system-err><![CDATA[]]></system-err>
</testsuite>
